<?xml version="1.0" encoding="UTF-8"?>
<!-- Generated by org.testng.reporters.JUnitReportReporter -->
<testsuite hostname="Manas" failures="0" tests="3" name="com.testng.IgnoreTest" time="0.025" errors="0" timestamp="2024-06-06T14:44:20 IST" skipped="1">
  <testcase classname="com.testng.IgnoreTest" name="paymentmethod" time="0.003"/>
  <system-out/>
  <testcase classname="com.testng.IgnoreTest" name="categor" time="0.022"/>
  <system-out/>
  <testcase classname="com.testng.IgnoreTest" name="searchbar">
    <skipped/>
  </testcase> <!-- searchbar -->
  <system-out/>
</testsuite> <!-- com.testng.IgnoreTest -->
