<?xml version="1.0" encoding="UTF-8"?>
<!-- Generated by org.testng.reporters.JUnitReportReporter -->
<testsuite hostname="Manas" failures="0" tests="2" name="com.testng.ExceptionEx" time="0.035" errors="0" timestamp="2024-06-07T13:21:11 IST" skipped="0">
  <testcase classname="com.testng.ExceptionEx" name="arithmetic" time="0.031"/>
  <system-out/>
  <testcase classname="com.testng.ExceptionEx" name="nullpointer" time="0.004"/>
  <system-out/>
</testsuite> <!-- com.testng.ExceptionEx -->
