<?xml version="1.0" encoding="UTF-8"?>
<!-- Generated by org.testng.reporters.JUnitReportReporter -->
<testsuite hostname="Manas" failures="0" tests="2" name="com.testng.DependsOnGroups" time="0.029" errors="0" timestamp="2024-06-12T11:19:44 IST" skipped="0">
  <testcase classname="com.testng.DependsOnGroups" name="loginpage" time="0.026"/>
  <system-out/>
  <testcase classname="com.testng.DependsOnGroups" name="signup" time="0.003"/>
  <system-out/>
</testsuite> <!-- com.testng.DependsOnGroups -->
