<?xml version="1.0" encoding="UTF-8"?>
<!-- Generated by org.testng.reporters.JUnitReportReporter -->
<testsuite hostname="Manas" failures="0" tests="2" name="com.testng.parameterizedTest" time="7.739" errors="0" timestamp="2024-06-07T15:06:31 IST" skipped="0">
  <testcase classname="com.testng.parameterizedTest" name="launchbrowser" time="7.016"/>
  <system-out/>
  <testcase classname="com.testng.parameterizedTest" name="credentials" time="0.723"/>
  <system-out/>
</testsuite> <!-- com.testng.parameterizedTest -->
