<?xml version="1.0" encoding="UTF-8"?>
<!-- Generated by org.testng.reporters.JUnitReportReporter -->
<testsuite hostname="Manas" failures="0" tests="3" name="com.testng.ParallelTesting" time="19.964" errors="0" timestamp="2024-06-12T11:21:56 IST" skipped="0">
  <testcase classname="com.testng.ParallelTesting" name="google" time="5.992"/>
  <system-out/>
  <testcase classname="com.testng.ParallelTesting" name="insta" time="7.757"/>
  <system-out/>
  <testcase classname="com.testng.ParallelTesting" name="browserlaunch" time="6.215"/>
  <system-out/>
</testsuite> <!-- com.testng.ParallelTesting -->
