<?xml version="1.0" encoding="UTF-8"?>
<!-- Generated by org.testng.reporters.JUnitReportReporter -->
<testsuite hostname="Manas" failures="0" tests="4" name="com.testng.DependsonMethods" time="7.763" errors="0" timestamp="2024-06-07T13:58:54 IST" skipped="0">
  <testcase classname="com.testng.DependsonMethods" name="username" time="0.287"/>
  <system-out/>
  <testcase classname="com.testng.DependsonMethods" name="password" time="0.192"/>
  <system-out/>
  <testcase classname="com.testng.DependsonMethods" name="browserlaunch" time="5.426"/>
  <system-out/>
  <testcase classname="com.testng.DependsonMethods" name="propertyset" time="1.858"/>
  <system-out/>
</testsuite> <!-- com.testng.DependsonMethods -->
