<?xml version="1.0" encoding="UTF-8"?>
<!-- Generated by org.testng.reporters.JUnitReportReporter -->
<testsuite hostname="Manas" failures="0" tests="3" name="com.testng.PriorityTest" time="0.027" errors="0" timestamp="2024-06-06T14:58:36 IST" skipped="0">
  <testcase classname="com.testng.PriorityTest" name="browserLaunch" time="0.022"/>
  <system-out/>
  <testcase classname="com.testng.PriorityTest" name="signup" time="0.004"/>
  <system-out/>
  <testcase classname="com.testng.PriorityTest" name="login" time="0.001"/>
  <system-out/>
</testsuite> <!-- com.testng.PriorityTest -->
