<?xml version="1.0" encoding="UTF-8"?>
<!-- Generated by org.testng.reporters.JUnitReportReporter -->
<testsuite hostname="Manas" failures="0" tests="2" name="com.testng.TimeOut" time="3.555" errors="0" timestamp="2024-06-07T14:15:30 IST" skipped="0">
  <testcase classname="com.testng.TimeOut" name="method2" time="2.017"/>
  <system-out/>
  <testcase classname="com.testng.TimeOut" name="method1" time="1.538"/>
  <system-out/>
</testsuite> <!-- com.testng.TimeOut -->
