<?xml version="1.0" encoding="UTF-8"?>
<!-- Generated by org.testng.reporters.JUnitReportReporter -->
<testsuite hostname="Manas" failures="0" tests="2" name="com.testng.Basics" time="0.028" errors="0" timestamp="2024-06-06T14:35:47 IST" skipped="0">
  <testcase classname="com.testng.Basics" name="Method2" time="0.024"/>
  <system-out/>
  <testcase classname="com.testng.Basics" name="method1" time="0.004"/>
  <system-out/>
</testsuite> <!-- com.testng.Basics -->
