<?xml version="1.0" encoding="UTF-8"?>
<!-- Generated by org.testng.reporters.JUnitReportReporter -->
<testsuite hostname="Manas" failures="0" tests="4" name="com.testng.InvocationTest" time="0.030" errors="0" timestamp="2024-06-07T13:10:54 IST" skipped="0">
  <testcase classname="com.testng.InvocationTest" name="categories" time="0.021"/>
  <system-out/>
  <testcase classname="com.testng.InvocationTest" name="count" time="0.004"/>
  <system-out/>
  <testcase classname="com.testng.InvocationTest" name="searchbar" time="0.003"/>
  <system-out/>
  <testcase classname="com.testng.InvocationTest" name="searchbar" time="0.002"/>
  <system-out/>
</testsuite> <!-- com.testng.InvocationTest -->
