<?xml version="1.0" encoding="UTF-8"?>
<!-- Generated by org.testng.reporters.JUnitReportReporter -->
<testsuite hostname="Manas" failures="0" tests="2" name="com.testng.SimpleAnnotations" time="0.022" errors="0" timestamp="2024-06-06T13:38:26 IST" skipped="0">
  <testcase classname="com.testng.SimpleAnnotations" name="test2" time="0.004"/>
  <system-out/>
  <testcase classname="com.testng.SimpleAnnotations" name="test1" time="0.018"/>
  <system-out/>
</testsuite> <!-- com.testng.SimpleAnnotations -->
